<?xml version="1.0" encoding="UTF-8"?>
<testng-results ignored="0" total="2" passed="1" failed="1" skipped="0">
  <reporter-output>
  </reporter-output>
  <suite started-at="2021-03-25T17:43:40 GMT" name="OpenCart Test Suit" finished-at="2021-03-25T17:44:01 GMT" duration-ms="20692">
    <groups>
      <group name="regression">
        <method signature="Tc_001_AccountRegistration.test_account_Registration()[pri:0, instance:testCases.Tc_001_AccountRegistration@156b88f5]" name="test_account_Registration" class="testCases.Tc_001_AccountRegistration"/>
      </group> <!-- regression -->
      <group name="sanity">
        <method signature="Tc_002_Login.testLogin()[pri:0, instance:testCases.Tc_002_Login@3bf9ce3e]" name="testLogin" class="testCases.Tc_002_Login"/>
      </group> <!-- sanity -->
      <group name="master">
        <method signature="Tc_001_AccountRegistration.test_account_Registration()[pri:0, instance:testCases.Tc_001_AccountRegistration@156b88f5]" name="test_account_Registration" class="testCases.Tc_001_AccountRegistration"/>
        <method signature="Tc_002_Login.testLogin()[pri:0, instance:testCases.Tc_002_Login@3bf9ce3e]" name="testLogin" class="testCases.Tc_002_Login"/>
      </group> <!-- master -->
    </groups>
    <test started-at="2021-03-25T17:43:40 GMT" name="OpencartTests" finished-at="2021-03-25T17:44:01 GMT" duration-ms="20692">
      <class name="testCases.Tc_002_Login">
        <test-method is-config="true" signature="setUp(java.lang.String)[pri:0, instance:testCases.Tc_002_Login@3bf9ce3e]" started-at="2021-03-25T17:43:50 GMT" name="setUp" finished-at="2021-03-25T17:43:52 GMT" duration-ms="1503" status="PASS">
          <params>
            <param index="0">
              <value>
                <![CDATA[chrome]]>
              </value>
            </param>
          </params>
          <reporter-output>
          </reporter-output>
        </test-method> <!-- setUp -->
        <test-method signature="testLogin()[pri:0, instance:testCases.Tc_002_Login@3bf9ce3e]" started-at="2021-03-25T17:43:52 GMT" name="testLogin" finished-at="2021-03-25T17:43:56 GMT" duration-ms="4664" status="PASS">
          <reporter-output>
          </reporter-output>
        </test-method> <!-- testLogin -->
        <test-method is-config="true" signature="tearDown()[pri:0, instance:testCases.Tc_002_Login@3bf9ce3e]" started-at="2021-03-25T17:43:56 GMT" name="tearDown" finished-at="2021-03-25T17:44:01 GMT" duration-ms="4381" status="PASS">
          <reporter-output>
          </reporter-output>
        </test-method> <!-- tearDown -->
      </class> <!-- testCases.Tc_002_Login -->
      <class name="testCases.Tc_001_AccountRegistration">
        <test-method is-config="true" signature="setUp(java.lang.String)[pri:0, instance:testCases.Tc_001_AccountRegistration@156b88f5]" started-at="2021-03-25T17:43:40 GMT" name="setUp" finished-at="2021-03-25T17:43:45 GMT" duration-ms="4290" status="PASS">
          <params>
            <param index="0">
              <value>
                <![CDATA[chrome]]>
              </value>
            </param>
          </params>
          <reporter-output>
          </reporter-output>
        </test-method> <!-- setUp -->
        <test-method signature="test_account_Registration()[pri:0, instance:testCases.Tc_001_AccountRegistration@156b88f5]" started-at="2021-03-25T17:43:45 GMT" name="test_account_Registration" finished-at="2021-03-25T17:43:50 GMT" duration-ms="5093" status="FAIL">
          <exception class="java.lang.AssertionError">
            <message>
              <![CDATA[expected [true] but found [false]]]>
            </message>
            <full-stacktrace>
              <![CDATA[java.lang.AssertionError: expected [true] but found [false]
at org.testng.Assert.fail(Assert.java:99)
at org.testng.Assert.failNotEquals(Assert.java:1037)
at org.testng.Assert.assertTrue(Assert.java:45)
at org.testng.Assert.assertTrue(Assert.java:55)
at testCases.Tc_001_AccountRegistration.test_account_Registration(Tc_001_AccountRegistration.java:73)
at java.base/jdk.internal.reflect.NativeMethodAccessorImpl.invoke0(Native Method)
at java.base/jdk.internal.reflect.NativeMethodAccessorImpl.invoke(NativeMethodAccessorImpl.java:64)
at java.base/jdk.internal.reflect.DelegatingMethodAccessorImpl.invoke(DelegatingMethodAccessorImpl.java:43)
at java.base/java.lang.reflect.Method.invoke(Method.java:564)
at org.testng.internal.MethodInvocationHelper.invokeMethod(MethodInvocationHelper.java:132)
at org.testng.internal.TestInvoker.invokeMethod(TestInvoker.java:599)
at org.testng.internal.TestInvoker.invokeTestMethod(TestInvoker.java:174)
at org.testng.internal.MethodRunner.runInSequence(MethodRunner.java:46)
at org.testng.internal.TestInvoker$MethodInvocationAgent.invoke(TestInvoker.java:822)
at org.testng.internal.TestInvoker.invokeTestMethods(TestInvoker.java:147)
at org.testng.internal.TestMethodWorker.invokeTestMethods(TestMethodWorker.java:146)
at org.testng.internal.TestMethodWorker.run(TestMethodWorker.java:128)
at java.base/java.util.ArrayList.forEach(ArrayList.java:1511)
at org.testng.TestRunner.privateRun(TestRunner.java:764)
at org.testng.TestRunner.run(TestRunner.java:585)
at org.testng.SuiteRunner.runTest(SuiteRunner.java:384)
at org.testng.SuiteRunner.access$000(SuiteRunner.java:28)
at org.testng.SuiteRunner$SuiteWorker.run(SuiteRunner.java:425)
at org.testng.internal.thread.ThreadUtil.lambda$execute$0(ThreadUtil.java:66)
at java.base/java.util.concurrent.FutureTask.run(FutureTask.java:264)
at java.base/java.util.concurrent.ThreadPoolExecutor.runWorker(ThreadPoolExecutor.java:1130)
at java.base/java.util.concurrent.ThreadPoolExecutor$Worker.run(ThreadPoolExecutor.java:630)
at java.base/java.lang.Thread.run(Thread.java:832)
]]>
            </full-stacktrace>
          </exception> <!-- java.lang.AssertionError -->
          <reporter-output>
          </reporter-output>
        </test-method> <!-- test_account_Registration -->
        <test-method is-config="true" signature="tearDown()[pri:0, instance:testCases.Tc_001_AccountRegistration@156b88f5]" started-at="2021-03-25T17:43:50 GMT" name="tearDown" finished-at="2021-03-25T17:43:50 GMT" duration-ms="322" status="PASS">
          <reporter-output>
          </reporter-output>
        </test-method> <!-- tearDown -->
      </class> <!-- testCases.Tc_001_AccountRegistration -->
    </test> <!-- OpencartTests -->
  </suite> <!-- OpenCart Test Suit -->
</testng-results>
