<?xml version="1.0" encoding="UTF-8"?>
<!-- Generated by org.testng.reporters.JUnitXMLReporter -->
<testsuite ignored="0" hostname="DESKTOP-PEA8M62" failures="1" tests="2" name="OpencartTests" time="20.692" errors="0" timestamp="2021-03-25T17:44:01 GMT">
  <testcase classname="testCases.Tc_001_AccountRegistration" name="test_account_Registration" time="5.093">
    <failure type="java.lang.AssertionError" message="expected [true] but found [false]">
      <![CDATA[java.lang.AssertionError: expected [true] but found [false]
at testCases.Tc_001_AccountRegistration.test_account_Registration(Tc_001_AccountRegistration.java:73)
at java.base/java.util.ArrayList.forEach(ArrayList.java:1511)
at java.base/java.util.concurrent.FutureTask.run(FutureTask.java:264)
at java.base/java.util.concurrent.ThreadPoolExecutor.runWorker(ThreadPoolExecutor.java:1130)
at java.base/java.util.concurrent.ThreadPoolExecutor$Worker.run(ThreadPoolExecutor.java:630)
at java.base/java.lang.Thread.run(Thread.java:832)
... Removed 22 stack frames]]>
    </failure>
  </testcase> <!-- test_account_Registration -->
  <testcase classname="testCases.Tc_002_Login" name="testLogin" time="4.664"/>
</testsuite> <!-- OpencartTests -->
